Построение начато 22.11.2024 14:48:02.
     1>Проект "F:\logika\lab 9\lab 9\lab 9\lab 9.vcxproj" в узле 2 (целевые объекты build).
     1>PrepareForBuild:
         Создание каталога "F:\logika\lab 9\lab 9\Debug\".
       InitializeBuildStatus:
         Создание "Debug\lab 9.unsuccessfulbuild", так как было задано "AlwaysCreate".
       ClCompile:
         C:\Program Files (x86)\Microsoft Visual Studio 10.0\VC\bin\CL.exe /c /ZI /nologo /W3 /WX- /Od /Oy- /D WIN32 /D _DEBUG /D _CONSOLE /D _UNICODE /D UNICODE /Gm /EHsc /RTC1 /MDd /GS /fp:precise /Zc:wchar_t /Zc:forScope /Fo"Debug\\" /Fd"Debug\vc100.pdb" /Gd /TP /analyze- /errorReport:prompt "lab 9.cpp" stdafx.cpp
         stdafx.cpp
         lab 9.cpp
     1>f:\logika\lab 9\lab 9\lab 9\lab 9.cpp(62): warning C4996: 'scanf': This function or variable may be unsafe. Consider using scanf_s instead. To disable deprecation, use _CRT_SECURE_NO_WARNINGS. See online help for details.
                 c:\program files (x86)\microsoft visual studio 10.0\vc\include\stdio.h(304): см. объявление "scanf"
     1>f:\logika\lab 9\lab 9\lab 9\lab 9.cpp(72): warning C4996: 'scanf': This function or variable may be unsafe. Consider using scanf_s instead. To disable deprecation, use _CRT_SECURE_NO_WARNINGS. See online help for details.
                 c:\program files (x86)\microsoft visual studio 10.0\vc\include\stdio.h(304): см. объявление "scanf"
         Создание кода...
       ManifestResourceCompile:
         C:\Program Files (x86)\Microsoft SDKs\Windows\v7.0A\bin\rc.exe /nologo /fo"Debug\lab 9.exe.embed.manifest.res" "Debug\lab 9_manifest.rc" 
       Link:
         C:\Program Files (x86)\Microsoft Visual Studio 10.0\VC\bin\link.exe /ERRORREPORT:PROMPT /OUT:"F:\logika\lab 9\lab 9\Debug\lab 9.exe" /INCREMENTAL /NOLOGO kernel32.lib user32.lib gdi32.lib winspool.lib comdlg32.lib advapi32.lib shell32.lib ole32.lib oleaut32.lib uuid.lib odbc32.lib odbccp32.lib /MANIFEST /ManifestFile:"Debug\lab 9.exe.intermediate.manifest" /MANIFESTUAC:"level='asInvoker' uiAccess='false'" /DEBUG /PDB:"F:\logika\lab 9\lab 9\Debug\lab 9.pdb" /SUBSYSTEM:CONSOLE /TLBID:1 /DYNAMICBASE /NXCOMPAT /IMPLIB:"F:\logika\lab 9\lab 9\Debug\lab 9.lib" /MACHINE:X86 "Debug\lab 9.exe.embed.manifest.res"
         "Debug\lab 9.obj"
         Debug\stdafx.obj
       Manifest:
         C:\Program Files (x86)\Microsoft SDKs\Windows\v7.0A\bin\mt.exe /nologo /verbose /out:"Debug\lab 9.exe.embed.manifest" /manifest "Debug\lab 9.exe.intermediate.manifest"
         C:\Program Files (x86)\Microsoft SDKs\Windows\v7.0A\bin\rc.exe /nologo /fo"Debug\lab 9.exe.embed.manifest.res" "Debug\lab 9_manifest.rc" 
       LinkEmbedManifest:
         C:\Program Files (x86)\Microsoft Visual Studio 10.0\VC\bin\link.exe /ERRORREPORT:PROMPT /OUT:"F:\logika\lab 9\lab 9\Debug\lab 9.exe" /INCREMENTAL /NOLOGO kernel32.lib user32.lib gdi32.lib winspool.lib comdlg32.lib advapi32.lib shell32.lib ole32.lib oleaut32.lib uuid.lib odbc32.lib odbccp32.lib /MANIFEST /ManifestFile:"Debug\lab 9.exe.intermediate.manifest" /MANIFESTUAC:"level='asInvoker' uiAccess='false'" /DEBUG /PDB:"F:\logika\lab 9\lab 9\Debug\lab 9.pdb" /SUBSYSTEM:CONSOLE /TLBID:1 /DYNAMICBASE /NXCOMPAT /IMPLIB:"F:\logika\lab 9\lab 9\Debug\lab 9.lib" /MACHINE:X86 "Debug\lab 9.exe.embed.manifest.res"
         "Debug\lab 9.obj"
         Debug\stdafx.obj
         lab 9.vcxproj -> F:\logika\lab 9\lab 9\Debug\lab 9.exe
       FinalizeBuildStatus:
         Файл "Debug\lab 9.unsuccessfulbuild" удаляется.
         Обращение к "Debug\lab 9.lastbuildstate".
     1>Построение проекта "F:\logika\lab 9\lab 9\lab 9\lab 9.vcxproj" завершено (целевые объекты build).

Построение успешно завершено.

Затраченное время: 00:00:15.83
